# JRE version: OpenJDK Runtime Environment Temurin-17.0.2+8 (17.0.2+8) (build 17.0.2+8)
# Java VM: OpenJDK 64-Bit Server VM Temurin-17.0.2+8 (17.0.2+8, mixed mode, tiered, compressed oops, compressed class ptrs, parallel gc, windows-amd64)
GC Precious Log:
 CPUs: 8 total, 8 available
 Memory: 7976M
 Large Page Support: Disabled
 NUMA Support: Disabled
 Compressed Oops: Enabled (32-bit)
 Alignments: Space 512K, Generation 512K, Heap 2M
 Heap Min Capacity: 100M
 Heap Initial Capacity: 100M
 Heap Max Capacity: 1G
 Pre-touch: Disabled
 Parallel Workers: 8
Heap:
 PSYoungGen      total 27136K, used 7556K [0x00000000eab00000, 0x00000000ecb80000, 0x0000000100000000)
  eden space 22528K, 13% used [0x00000000eab00000,0x00000000eaded930,0x00000000ec100000)
  from space 4608K, 98% used [0x00000000ec400000,0x00000000ec873840,0x00000000ec880000)
  to   space 3072K, 0% used [0x00000000ec880000,0x00000000ec880000,0x00000000ecb80000)
 ParOldGen       total 68608K, used 24000K [0x00000000c0000000, 0x00000000c4300000, 0x00000000eab00000)
  object space 68608K, 34% used [0x00000000c0000000,0x00000000c17700e0,0x00000000c4300000)
 Metaspace       used 41730K, committed 42304K, reserved 1089536K
  class space    used 4176K, committed 4416K, reserved 1048576K
GC Heap History (20 events):
Event: 2.190 GC heap before
{Heap before GC invocations=4 (full 1):
 PSYoungGen      total 29696K, used 25600K [0x00000000eab00000, 0x00000000ecc00000, 0x0000000100000000)
  eden space 25600K, 100% used [0x00000000eab00000,0x00000000ec400000,0x00000000ec400000)
  from space 4096K, 0% used [0x00000000ec800000,0x00000000ec800000,0x00000000ecc00000)
  to   space 4096K, 0% used [0x00000000ec400000,0x00000000ec400000,0x00000000ec800000)
 ParOldGen       total 68608K, used 6334K [0x00000000c0000000, 0x00000000c4300000, 0x00000000eab00000)
  object space 68608K, 9% used [0x00000000c0000000,0x00000000c062f828,0x00000000c4300000)
 Metaspace       used 28372K, committed 28992K, reserved 1081344K
  class space    used 2815K, committed 3072K, reserved 1048576K
}
Event: 2.191 GC heap after
{Heap after GC invocations=4 (full 1):
 PSYoungGen      total 29696K, used 1756K [0x00000000eab00000, 0x00000000ecc00000, 0x0000000100000000)
  eden space 25600K, 0% used [0x00000000eab00000,0x00000000eab00000,0x00000000ec400000)
  from space 4096K, 42% used [0x00000000ec400000,0x00000000ec5b7278,0x00000000ec800000)
  to   space 4096K, 0% used [0x00000000ec800000,0x00000000ec800000,0x00000000ecc00000)
 ParOldGen       total 68608K, used 6342K [0x00000000c0000000, 0x00000000c4300000, 0x00000000eab00000)
  object space 68608K, 9% used [0x00000000c0000000,0x00000000c0631828,0x00000000c4300000)
 Metaspace       used 28372K, committed 28992K, reserved 1081344K
  class space    used 2815K, committed 3072K, reserved 1048576K
}
Event: 2.914 GC heap before
{Heap before GC invocations=5 (full 1):
 PSYoungGen      total 29696K, used 27356K [0x00000000eab00000, 0x00000000ecc00000, 0x0000000100000000)
  eden space 25600K, 100% used [0x00000000eab00000,0x00000000ec400000,0x00000000ec400000)
  from space 4096K, 42% used [0x00000000ec400000,0x00000000ec5b7278,0x00000000ec800000)
  to   space 4096K, 0% used [0x00000000ec800000,0x00000000ec800000,0x00000000ecc00000)
 ParOldGen       total 68608K, used 6342K [0x00000000c0000000, 0x00000000c4300000, 0x00000000eab00000)
  object space 68608K, 9% used [0x00000000c0000000,0x00000000c0631828,0x00000000c4300000)
 Metaspace       used 33062K, committed 33664K, reserved 1081344K
  class space    used 3363K, committed 3648K, reserved 1048576K
}
Event: 2.917 GC heap after
{Heap after GC invocations=5 (full 1):
 PSYoungGen      total 29696K, used 4095K [0x00000000eab00000, 0x00000000ecc00000, 0x0000000100000000)
  eden space 25600K, 0% used [0x00000000eab00000,0x00000000eab00000,0x00000000ec400000)
  from space 4096K, 99% used [0x00000000ec800000,0x00000000ecbffec0,0x00000000ecc00000)
  to   space 4096K, 0% used [0x00000000ec400000,0x00000000ec400000,0x00000000ec800000)
 ParOldGen       total 68608K, used 6406K [0x00000000c0000000, 0x00000000c4300000, 0x00000000eab00000)
  object space 68608K, 9% used [0x00000000c0000000,0x00000000c0641828,0x00000000c4300000)
 Metaspace       used 33062K, committed 33664K, reserved 1081344K
  class space    used 3363K, committed 3648K, reserved 1048576K
}
Event: 3.265 GC heap before
{Heap before GC invocations=6 (full 1):
 PSYoungGen      total 29696K, used 29695K [0x00000000eab00000, 0x00000000ecc00000, 0x0000000100000000)
  eden space 25600K, 100% used [0x00000000eab00000,0x00000000ec400000,0x00000000ec400000)
  from space 4096K, 99% used [0x00000000ec800000,0x00000000ecbffec0,0x00000000ecc00000)
  to   space 4096K, 0% used [0x00000000ec400000,0x00000000ec400000,0x00000000ec800000)
 ParOldGen       total 68608K, used 6406K [0x00000000c0000000, 0x00000000c4300000, 0x00000000eab00000)
  object space 68608K, 9% used [0x00000000c0000000,0x00000000c0641828,0x00000000c4300000)
 Metaspace       used 33243K, committed 33856K, reserved 1081344K
  class space    used 3382K, committed 3648K, reserved 1048576K
}
Event: 3.271 GC heap after
{Heap after GC invocations=6 (full 1):
 PSYoungGen      total 29184K, used 4083K [0x00000000eab00000, 0x00000000ed180000, 0x0000000100000000)
  eden space 25088K, 0% used [0x00000000eab00000,0x00000000eab00000,0x00000000ec380000)
  from space 4096K, 99% used [0x00000000ec400000,0x00000000ec7fcf88,0x00000000ec800000)
  to   space 7168K, 0% used [0x00000000eca80000,0x00000000eca80000,0x00000000ed180000)
 ParOldGen       total 68608K, used 8738K [0x00000000c0000000, 0x00000000c4300000, 0x00000000eab00000)
  object space 68608K, 12% used [0x00000000c0000000,0x00000000c08888d8,0x00000000c4300000)
 Metaspace       used 33243K, committed 33856K, reserved 1081344K
  class space    used 3382K, committed 3648K, reserved 1048576K
}
Event: 3.712 GC heap before
{Heap before GC invocations=7 (full 1):
 PSYoungGen      total 29184K, used 29171K [0x00000000eab00000, 0x00000000ed180000, 0x0000000100000000)
  eden space 25088K, 100% used [0x00000000eab00000,0x00000000ec380000,0x00000000ec380000)
  from space 4096K, 99% used [0x00000000ec400000,0x00000000ec7fcf88,0x00000000ec800000)
  to   space 7168K, 0% used [0x00000000eca80000,0x00000000eca80000,0x00000000ed180000)
 ParOldGen       total 68608K, used 8738K [0x00000000c0000000, 0x00000000c4300000, 0x00000000eab00000)
  object space 68608K, 12% used [0x00000000c0000000,0x00000000c08888d8,0x00000000c4300000)
 Metaspace       used 33338K, committed 33920K, reserved 1081344K
  class space    used 3386K, committed 3648K, reserved 1048576K
}
Event: 3.719 GC heap after
{Heap after GC invocations=7 (full 1):
 PSYoungGen      total 31232K, used 6516K [0x00000000eab00000, 0x00000000ed100000, 0x0000000100000000)
  eden space 24576K, 0% used [0x00000000eab00000,0x00000000eab00000,0x00000000ec300000)
  from space 6656K, 97% used [0x00000000eca80000,0x00000000ed0dd098,0x00000000ed100000)
  to   space 6656K, 0% used [0x00000000ec400000,0x00000000ec400000,0x00000000eca80000)
 ParOldGen       total 68608K, used 8746K [0x00000000c0000000, 0x00000000c4300000, 0x00000000eab00000)
  object space 68608K, 12% used [0x00000000c0000000,0x00000000c088a8d8,0x00000000c4300000)
 Metaspace       used 33338K, committed 33920K, reserved 1081344K
  class space    used 3386K, committed 3648K, reserved 1048576K
}
Event: 3.887 GC heap before
{Heap before GC invocations=8 (full 1):
 PSYoungGen      total 31232K, used 31092K [0x00000000eab00000, 0x00000000ed100000, 0x0000000100000000)
  eden space 24576K, 100% used [0x00000000eab00000,0x00000000ec300000,0x00000000ec300000)
  from space 6656K, 97% used [0x00000000eca80000,0x00000000ed0dd098,0x00000000ed100000)
  to   space 6656K, 0% used [0x00000000ec400000,0x00000000ec400000,0x00000000eca80000)
 ParOldGen       total 68608K, used 8746K [0x00000000c0000000, 0x00000000c4300000, 0x00000000eab00000)
  object space 68608K, 12% used [0x00000000c0000000,0x00000000c088a8d8,0x00000000c4300000)
 Metaspace       used 33390K, committed 33984K, reserved 1081344K
  class space    used 3398K, committed 3712K, reserved 1048576K
}
Event: 3.895 GC heap after
{Heap after GC invocations=8 (full 1):
 PSYoungGen      total 30720K, used 6632K [0x00000000eab00000, 0x00000000ed580000, 0x0000000100000000)
  eden space 24064K, 0% used [0x00000000eab00000,0x00000000eab00000,0x00000000ec280000)
  from space 6656K, 99% used [0x00000000ec400000,0x00000000eca7a288,0x00000000eca80000)
  to   space 9728K, 0% used [0x00000000ecc00000,0x00000000ecc00000,0x00000000ed580000)
 ParOldGen       total 68608K, used 11327K [0x00000000c0000000, 0x00000000c4300000, 0x00000000eab00000)
  object space 68608K, 16% used [0x00000000c0000000,0x00000000c0b0fc50,0x00000000c4300000)
 Metaspace       used 33390K, committed 33984K, reserved 1081344K
  class space    used 3398K, committed 3712K, reserved 1048576K
}
Event: 4.097 GC heap before
{Heap before GC invocations=9 (full 1):
 PSYoungGen      total 30720K, used 30696K [0x00000000eab00000, 0x00000000ed580000, 0x0000000100000000)
  eden space 24064K, 100% used [0x00000000eab00000,0x00000000ec280000,0x00000000ec280000)
  from space 6656K, 99% used [0x00000000ec400000,0x00000000eca7a288,0x00000000eca80000)
  to   space 9728K, 0% used [0x00000000ecc00000,0x00000000ecc00000,0x00000000ed580000)
 ParOldGen       total 68608K, used 11327K [0x00000000c0000000, 0x00000000c4300000, 0x00000000eab00000)
  object space 68608K, 16% used [0x00000000c0000000,0x00000000c0b0fc50,0x00000000c4300000)
 Metaspace       used 33390K, committed 33984K, reserved 1081344K
  class space    used 3398K, committed 3712K, reserved 1048576K
}
Event: 4.104 GC heap after
{Heap after GC invocations=9 (full 1):
 PSYoungGen      total 30720K, used 7136K [0x00000000eab00000, 0x00000000ed300000, 0x0000000100000000)
  eden space 23552K, 0% used [0x00000000eab00000,0x00000000eab00000,0x00000000ec200000)
  from space 7168K, 99% used [0x00000000ecc00000,0x00000000ed2f8010,0x00000000ed300000)
  to   space 8192K, 0% used [0x00000000ec300000,0x00000000ec300000,0x00000000ecb00000)
 ParOldGen       total 68608K, used 13610K [0x00000000c0000000, 0x00000000c4300000, 0x00000000eab00000)
  object space 68608K, 19% used [0x00000000c0000000,0x00000000c0d4a8c8,0x00000000c4300000)
 Metaspace       used 33390K, committed 33984K, reserved 1081344K
  class space    used 3398K, committed 3712K, reserved 1048576K
}
Event: 4.413 GC heap before
{Heap before GC invocations=10 (full 1):
 PSYoungGen      total 30720K, used 30688K [0x00000000eab00000, 0x00000000ed300000, 0x0000000100000000)
  eden space 23552K, 100% used [0x00000000eab00000,0x00000000ec200000,0x00000000ec200000)
  from space 7168K, 99% used [0x00000000ecc00000,0x00000000ed2f8010,0x00000000ed300000)
  to   space 8192K, 0% used [0x00000000ec300000,0x00000000ec300000,0x00000000ecb00000)
 ParOldGen       total 68608K, used 13610K [0x00000000c0000000, 0x00000000c4300000, 0x00000000eab00000)
  object space 68608K, 19% used [0x00000000c0000000,0x00000000c0d4a8c8,0x00000000c4300000)
 Metaspace       used 33539K, committed 34176K, reserved 1081344K
  class space    used 3411K, committed 3712K, reserved 1048576K
}
Event: 4.428 GC heap after
{Heap after GC invocations=10 (full 1):
 PSYoungGen      total 31232K, used 7748K [0x00000000eab00000, 0x00000000ed180000, 0x0000000100000000)
  eden space 23040K, 0% used [0x00000000eab00000,0x00000000eab00000,0x00000000ec180000)
  from space 8192K, 94% used [0x00000000ec300000,0x00000000eca913e0,0x00000000ecb00000)
  to   space 6656K, 0% used [0x00000000ecb00000,0x00000000ecb00000,0x00000000ed180000)
 ParOldGen       total 68608K, used 16146K [0x00000000c0000000, 0x00000000c4300000, 0x00000000eab00000)
  object space 68608K, 23% used [0x00000000c0000000,0x00000000c0fc48c8,0x00000000c4300000)
 Metaspace       used 33539K, committed 34176K, reserved 1081344K
  class space    used 3411K, committed 3712K, reserved 1048576K
}
Event: 4.736 GC heap before
{Heap before GC invocations=11 (full 1):
 PSYoungGen      total 31232K, used 13785K [0x00000000eab00000, 0x00000000ed180000, 0x0000000100000000)
  eden space 23040K, 26% used [0x00000000eab00000,0x00000000eb0e51c8,0x00000000ec180000)
  from space 8192K, 94% used [0x00000000ec300000,0x00000000eca913e0,0x00000000ecb00000)
  to   space 6656K, 0% used [0x00000000ecb00000,0x00000000ecb00000,0x00000000ed180000)
 ParOldGen       total 68608K, used 16146K [0x00000000c0000000, 0x00000000c4300000, 0x00000000eab00000)
  object space 68608K, 23% used [0x00000000c0000000,0x00000000c0fc48c8,0x00000000c4300000)
 Metaspace       used 35238K, committed 35840K, reserved 1081344K
  class space    used 3619K, committed 3904K, reserved 1048576K
}
Event: 4.741 GC heap after
{Heap after GC invocations=11 (full 1):
 PSYoungGen      total 27136K, used 3883K [0x00000000eab00000, 0x00000000ecf00000, 0x0000000100000000)
  eden space 23040K, 0% used [0x00000000eab00000,0x00000000eab00000,0x00000000ec180000)
  from space 4096K, 94% used [0x00000000ecb00000,0x00000000ececaf50,0x00000000ecf00000)
  to   space 5632K, 0% used [0x00000000ec400000,0x00000000ec400000,0x00000000ec980000)
 ParOldGen       total 68608K, used 20693K [0x00000000c0000000, 0x00000000c4300000, 0x00000000eab00000)
  object space 68608K, 30% used [0x00000000c0000000,0x00000000c14354b0,0x00000000c4300000)
 Metaspace       used 35238K, committed 35840K, reserved 1081344K
  class space    used 3619K, committed 3904K, reserved 1048576K
}
Event: 4.741 GC heap before
{Heap before GC invocations=12 (full 2):
 PSYoungGen      total 27136K, used 3883K [0x00000000eab00000, 0x00000000ecf00000, 0x0000000100000000)
  eden space 23040K, 0% used [0x00000000eab00000,0x00000000eab00000,0x00000000ec180000)
  from space 4096K, 94% used [0x00000000ecb00000,0x00000000ececaf50,0x00000000ecf00000)
  to   space 5632K, 0% used [0x00000000ec400000,0x00000000ec400000,0x00000000ec980000)
 ParOldGen       total 68608K, used 20693K [0x00000000c0000000, 0x00000000c4300000, 0x00000000eab00000)
  object space 68608K, 30% used [0x00000000c0000000,0x00000000c14354b0,0x00000000c4300000)
 Metaspace       used 35238K, committed 35840K, reserved 1081344K
  class space    used 3619K, committed 3904K, reserved 1048576K
}
Event: 4.814 GC heap after
{Heap after GC invocations=12 (full 2):
 PSYoungGen      total 27136K, used 0K [0x00000000eab00000, 0x00000000ecf00000, 0x0000000100000000)
  eden space 23040K, 0% used [0x00000000eab00000,0x00000000eab00000,0x00000000ec180000)
  from space 4096K, 0% used [0x00000000ecb00000,0x00000000ecb00000,0x00000000ecf00000)
  to   space 5632K, 0% used [0x00000000ec400000,0x00000000ec400000,0x00000000ec980000)
 ParOldGen       total 68608K, used 23992K [0x00000000c0000000, 0x00000000c4300000, 0x00000000eab00000)
  object space 68608K, 34% used [0x00000000c0000000,0x00000000c176e0e0,0x00000000c4300000)
 Metaspace       used 35238K, committed 35840K, reserved 1081344K
  class space    used 3619K, committed 3904K, reserved 1048576K
}
Event: 6.364 GC heap before
{Heap before GC invocations=13 (full 2):
 PSYoungGen      total 27136K, used 23040K [0x00000000eab00000, 0x00000000ecf00000, 0x0000000100000000)
  eden space 23040K, 100% used [0x00000000eab00000,0x00000000ec180000,0x00000000ec180000)
  from space 4096K, 0% used [0x00000000ecb00000,0x00000000ecb00000,0x00000000ecf00000)
  to   space 5632K, 0% used [0x00000000ec400000,0x00000000ec400000,0x00000000ec980000)
 ParOldGen       total 68608K, used 23992K [0x00000000c0000000, 0x00000000c4300000, 0x00000000eab00000)
  object space 68608K, 34% used [0x00000000c0000000,0x00000000c176e0e0,0x00000000c4300000)
 Metaspace       used 41583K, committed 42176K, reserved 1089536K
  class space    used 4167K, committed 4416K, reserved 1048576K
}
Event: 6.369 GC heap after
{Heap after GC invocations=13 (full 2):
 PSYoungGen      total 27136K, used 4558K [0x00000000eab00000, 0x00000000ecb80000, 0x0000000100000000)
  eden space 22528K, 0% used [0x00000000eab00000,0x00000000eab00000,0x00000000ec100000)
  from space 4608K, 98% used [0x00000000ec400000,0x00000000ec873840,0x00000000ec880000)
  to   space 3072K, 0% used [0x00000000ec880000,0x00000000ec880000,0x00000000ecb80000)
 ParOldGen       total 68608K, used 24000K [0x00000000c0000000, 0x00000000c4300000, 0x00000000eab00000)
  object space 68608K, 34% used [0x00000000c0000000,0x00000000c17700e0,0x00000000c4300000)
 Metaspace       used 41583K, committed 42176K, reserved 1089536K
  class space    used 4167K, committed 4416K, reserved 1048576K
}

