# JRE version: OpenJDK Runtime Environment Temurin-17.0.2+8 (17.0.2+8) (build 17.0.2+8)
# Java VM: OpenJDK 64-Bit Server VM Temurin-17.0.2+8 (17.0.2+8, mixed mode, tiered, compressed oops, compressed class ptrs, parallel gc, windows-amd64)
GC Precious Log:
 CPUs: 8 total, 8 available
 Memory: 7976M
 Large Page Support: Disabled
 NUMA Support: Disabled
 Compressed Oops: Enabled (32-bit)
 Alignments: Space 512K, Generation 512K, Heap 2M
 Heap Min Capacity: 100M
 Heap Initial Capacity: 100M
 Heap Max Capacity: 1G
 Pre-touch: Disabled
 Parallel Workers: 8
Heap:
 PSYoungGen      total 24576K, used 3142K [0x00000000eab00000, 0x00000000ec900000, 0x0000000100000000)
  eden space 22016K, 2% used [0x00000000eab00000,0x00000000eaba5150,0x00000000ec080000)
  from space 2560K, 96% used [0x00000000ec680000,0x00000000ec8eca68,0x00000000ec900000)
  to   space 3072K, 0% used [0x00000000ec300000,0x00000000ec300000,0x00000000ec600000)
 ParOldGen       total 68608K, used 35101K [0x00000000c0000000, 0x00000000c4300000, 0x00000000eab00000)
  object space 68608K, 51% used [0x00000000c0000000,0x00000000c22477f0,0x00000000c4300000)
 Metaspace       used 55561K, committed 56384K, reserved 1105920K
  class space    used 5937K, committed 6272K, reserved 1048576K
GC Heap History (20 events):
Event: 3.235 GC heap before
{Heap before GC invocations=9 (full 2):
 PSYoungGen      total 28672K, used 28219K [0x00000000eab00000, 0x00000000ecc80000, 0x0000000100000000)
  eden space 25088K, 100% used [0x00000000eab00000,0x00000000ec380000,0x00000000ec380000)
  from space 3584K, 87% used [0x00000000ec900000,0x00000000ecc0ee10,0x00000000ecc80000)
  to   space 3584K, 0% used [0x00000000ec580000,0x00000000ec580000,0x00000000ec900000)
 ParOldGen       total 68608K, used 12648K [0x00000000c0000000, 0x00000000c4300000, 0x00000000eab00000)
  object space 68608K, 18% used [0x00000000c0000000,0x00000000c0c5a018,0x00000000c4300000)
 Metaspace       used 39405K, committed 40128K, reserved 1089536K
  class space    used 4182K, committed 4480K, reserved 1048576K
}
Event: 3.239 GC heap after
{Heap after GC invocations=9 (full 2):
 PSYoungGen      total 28160K, used 3579K [0x00000000eab00000, 0x00000000ecf00000, 0x0000000100000000)
  eden space 24576K, 0% used [0x00000000eab00000,0x00000000eab00000,0x00000000ec300000)
  from space 3584K, 99% used [0x00000000ec580000,0x00000000ec8fee10,0x00000000ec900000)
  to   space 6144K, 0% used [0x00000000ec900000,0x00000000ec900000,0x00000000ecf00000)
 ParOldGen       total 68608K, used 14328K [0x00000000c0000000, 0x00000000c4300000, 0x00000000eab00000)
  object space 68608K, 20% used [0x00000000c0000000,0x00000000c0dfe018,0x00000000c4300000)
 Metaspace       used 39405K, committed 40128K, reserved 1089536K
  class space    used 4182K, committed 4480K, reserved 1048576K
}
Event: 3.389 GC heap before
{Heap before GC invocations=10 (full 2):
 PSYoungGen      total 28160K, used 28155K [0x00000000eab00000, 0x00000000ecf00000, 0x0000000100000000)
  eden space 24576K, 100% used [0x00000000eab00000,0x00000000ec300000,0x00000000ec300000)
  from space 3584K, 99% used [0x00000000ec580000,0x00000000ec8fee10,0x00000000ec900000)
  to   space 6144K, 0% used [0x00000000ec900000,0x00000000ec900000,0x00000000ecf00000)
 ParOldGen       total 68608K, used 14328K [0x00000000c0000000, 0x00000000c4300000, 0x00000000eab00000)
  object space 68608K, 20% used [0x00000000c0000000,0x00000000c0dfe018,0x00000000c4300000)
 Metaspace       used 40536K, committed 41216K, reserved 1089536K
  class space    used 4358K, committed 4672K, reserved 1048576K
}
Event: 3.393 GC heap after
{Heap after GC invocations=10 (full 2):
 PSYoungGen      total 30208K, used 5803K [0x00000000eab00000, 0x00000000ecf00000, 0x0000000100000000)
  eden space 24064K, 0% used [0x00000000eab00000,0x00000000eab00000,0x00000000ec280000)
  from space 6144K, 94% used [0x00000000ec900000,0x00000000eceaae20,0x00000000ecf00000)
  to   space 6144K, 0% used [0x00000000ec300000,0x00000000ec300000,0x00000000ec900000)
 ParOldGen       total 68608K, used 14328K [0x00000000c0000000, 0x00000000c4300000, 0x00000000eab00000)
  object space 68608K, 20% used [0x00000000c0000000,0x00000000c0dfe018,0x00000000c4300000)
 Metaspace       used 40536K, committed 41216K, reserved 1089536K
  class space    used 4358K, committed 4672K, reserved 1048576K
}
Event: 3.535 GC heap before
{Heap before GC invocations=11 (full 2):
 PSYoungGen      total 30208K, used 29867K [0x00000000eab00000, 0x00000000ecf00000, 0x0000000100000000)
  eden space 24064K, 100% used [0x00000000eab00000,0x00000000ec280000,0x00000000ec280000)
  from space 6144K, 94% used [0x00000000ec900000,0x00000000eceaae20,0x00000000ecf00000)
  to   space 6144K, 0% used [0x00000000ec300000,0x00000000ec300000,0x00000000ec900000)
 ParOldGen       total 68608K, used 14328K [0x00000000c0000000, 0x00000000c4300000, 0x00000000eab00000)
  object space 68608K, 20% used [0x00000000c0000000,0x00000000c0dfe018,0x00000000c4300000)
 Metaspace       used 41481K, committed 42112K, reserved 1089536K
  class space    used 4454K, committed 4736K, reserved 1048576K
}
Event: 3.539 GC heap after
{Heap after GC invocations=11 (full 2):
 PSYoungGen      total 29696K, used 6140K [0x00000000eab00000, 0x00000000ed400000, 0x0000000100000000)
  eden space 23552K, 0% used [0x00000000eab00000,0x00000000eab00000,0x00000000ec200000)
  from space 6144K, 99% used [0x00000000ec300000,0x00000000ec8ff250,0x00000000ec900000)
  to   space 9216K, 0% used [0x00000000ecb00000,0x00000000ecb00000,0x00000000ed400000)
 ParOldGen       total 68608K, used 16555K [0x00000000c0000000, 0x00000000c4300000, 0x00000000eab00000)
  object space 68608K, 24% used [0x00000000c0000000,0x00000000c102ae58,0x00000000c4300000)
 Metaspace       used 41481K, committed 42112K, reserved 1089536K
  class space    used 4454K, committed 4736K, reserved 1048576K
}
Event: 3.595 GC heap before
{Heap before GC invocations=12 (full 2):
 PSYoungGen      total 29696K, used 29692K [0x00000000eab00000, 0x00000000ed400000, 0x0000000100000000)
  eden space 23552K, 100% used [0x00000000eab00000,0x00000000ec200000,0x00000000ec200000)
  from space 6144K, 99% used [0x00000000ec300000,0x00000000ec8ff250,0x00000000ec900000)
  to   space 9216K, 0% used [0x00000000ecb00000,0x00000000ecb00000,0x00000000ed400000)
 ParOldGen       total 68608K, used 16555K [0x00000000c0000000, 0x00000000c4300000, 0x00000000eab00000)
  object space 68608K, 24% used [0x00000000c0000000,0x00000000c102ae58,0x00000000c4300000)
 Metaspace       used 41720K, committed 42368K, reserved 1089536K
  class space    used 4498K, committed 4800K, reserved 1048576K
}
Event: 3.599 GC heap after
{Heap after GC invocations=12 (full 2):
 PSYoungGen      total 27648K, used 4502K [0x00000000eab00000, 0x00000000ecf80000, 0x0000000100000000)
  eden space 23040K, 0% used [0x00000000eab00000,0x00000000eab00000,0x00000000ec180000)
  from space 4608K, 97% used [0x00000000ecb00000,0x00000000ecf65b48,0x00000000ecf80000)
  to   space 6144K, 0% used [0x00000000ec380000,0x00000000ec380000,0x00000000ec980000)
 ParOldGen       total 68608K, used 20063K [0x00000000c0000000, 0x00000000c4300000, 0x00000000eab00000)
  object space 68608K, 29% used [0x00000000c0000000,0x00000000c1397de8,0x00000000c4300000)
 Metaspace       used 41720K, committed 42368K, reserved 1089536K
  class space    used 4498K, committed 4800K, reserved 1048576K
}
Event: 3.713 GC heap before
{Heap before GC invocations=13 (full 2):
 PSYoungGen      total 27648K, used 27542K [0x00000000eab00000, 0x00000000ecf80000, 0x0000000100000000)
  eden space 23040K, 100% used [0x00000000eab00000,0x00000000ec180000,0x00000000ec180000)
  from space 4608K, 97% used [0x00000000ecb00000,0x00000000ecf65b48,0x00000000ecf80000)
  to   space 6144K, 0% used [0x00000000ec380000,0x00000000ec380000,0x00000000ec980000)
 ParOldGen       total 68608K, used 20063K [0x00000000c0000000, 0x00000000c4300000, 0x00000000eab00000)
  object space 68608K, 29% used [0x00000000c0000000,0x00000000c1397de8,0x00000000c4300000)
 Metaspace       used 42391K, committed 43072K, reserved 1089536K
  class space    used 4580K, committed 4864K, reserved 1048576K
}
Event: 3.717 GC heap after
{Heap after GC invocations=13 (full 2):
 PSYoungGen      total 25088K, used 2496K [0x00000000eab00000, 0x00000000ecb80000, 0x0000000100000000)
  eden space 22528K, 0% used [0x00000000eab00000,0x00000000eab00000,0x00000000ec100000)
  from space 2560K, 97% used [0x00000000ec380000,0x00000000ec5f0010,0x00000000ec600000)
  to   space 3584K, 0% used [0x00000000ec800000,0x00000000ec800000,0x00000000ecb80000)
 ParOldGen       total 68608K, used 24370K [0x00000000c0000000, 0x00000000c4300000, 0x00000000eab00000)
  object space 68608K, 35% used [0x00000000c0000000,0x00000000c17ccb20,0x00000000c4300000)
 Metaspace       used 42391K, committed 43072K, reserved 1089536K
  class space    used 4580K, committed 4864K, reserved 1048576K
}
Event: 3.785 GC heap before
{Heap before GC invocations=14 (full 2):
 PSYoungGen      total 25088K, used 25024K [0x00000000eab00000, 0x00000000ecb80000, 0x0000000100000000)
  eden space 22528K, 100% used [0x00000000eab00000,0x00000000ec100000,0x00000000ec100000)
  from space 2560K, 97% used [0x00000000ec380000,0x00000000ec5f0010,0x00000000ec600000)
  to   space 3584K, 0% used [0x00000000ec800000,0x00000000ec800000,0x00000000ecb80000)
 ParOldGen       total 68608K, used 24370K [0x00000000c0000000, 0x00000000c4300000, 0x00000000eab00000)
  object space 68608K, 35% used [0x00000000c0000000,0x00000000c17ccb20,0x00000000c4300000)
 Metaspace       used 42656K, committed 43392K, reserved 1089536K
  class space    used 4613K, committed 4928K, reserved 1048576K
}
Event: 3.792 GC heap after
{Heap after GC invocations=14 (full 2):
 PSYoungGen      total 24576K, used 2080K [0x00000000eab00000, 0x00000000eca80000, 0x0000000100000000)
  eden space 22016K, 0% used [0x00000000eab00000,0x00000000eab00000,0x00000000ec080000)
  from space 2560K, 81% used [0x00000000ec800000,0x00000000eca08000,0x00000000eca80000)
  to   space 2560K, 0% used [0x00000000ec580000,0x00000000ec580000,0x00000000ec800000)
 ParOldGen       total 68608K, used 26744K [0x00000000c0000000, 0x00000000c4300000, 0x00000000eab00000)
  object space 68608K, 38% used [0x00000000c0000000,0x00000000c1a1e3b0,0x00000000c4300000)
 Metaspace       used 42656K, committed 43392K, reserved 1089536K
  class space    used 4613K, committed 4928K, reserved 1048576K
}
Event: 4.197 GC heap before
{Heap before GC invocations=15 (full 2):
 PSYoungGen      total 24576K, used 24096K [0x00000000eab00000, 0x00000000eca80000, 0x0000000100000000)
  eden space 22016K, 100% used [0x00000000eab00000,0x00000000ec080000,0x00000000ec080000)
  from space 2560K, 81% used [0x00000000ec800000,0x00000000eca08000,0x00000000eca80000)
  to   space 2560K, 0% used [0x00000000ec580000,0x00000000ec580000,0x00000000ec800000)
 ParOldGen       total 68608K, used 26744K [0x00000000c0000000, 0x00000000c4300000, 0x00000000eab00000)
  object space 68608K, 38% used [0x00000000c0000000,0x00000000c1a1e3b0,0x00000000c4300000)
 Metaspace       used 48868K, committed 49664K, reserved 1097728K
  class space    used 5292K, committed 5632K, reserved 1048576K
}
Event: 4.200 GC heap after
{Heap after GC invocations=15 (full 2):
 PSYoungGen      total 24576K, used 2537K [0x00000000eab00000, 0x00000000ecb80000, 0x0000000100000000)
  eden space 22016K, 0% used [0x00000000eab00000,0x00000000eab00000,0x00000000ec080000)
  from space 2560K, 99% used [0x00000000ec580000,0x00000000ec7fa480,0x00000000ec800000)
  to   space 3584K, 0% used [0x00000000ec800000,0x00000000ec800000,0x00000000ecb80000)
 ParOldGen       total 68608K, used 28941K [0x00000000c0000000, 0x00000000c4300000, 0x00000000eab00000)
  object space 68608K, 42% used [0x00000000c0000000,0x00000000c1c43540,0x00000000c4300000)
 Metaspace       used 48868K, committed 49664K, reserved 1097728K
  class space    used 5292K, committed 5632K, reserved 1048576K
}
Event: 4.326 GC heap before
{Heap before GC invocations=16 (full 2):
 PSYoungGen      total 24576K, used 24553K [0x00000000eab00000, 0x00000000ecb80000, 0x0000000100000000)
  eden space 22016K, 100% used [0x00000000eab00000,0x00000000ec080000,0x00000000ec080000)
  from space 2560K, 99% used [0x00000000ec580000,0x00000000ec7fa480,0x00000000ec800000)
  to   space 3584K, 0% used [0x00000000ec800000,0x00000000ec800000,0x00000000ecb80000)
 ParOldGen       total 68608K, used 28941K [0x00000000c0000000, 0x00000000c4300000, 0x00000000eab00000)
  object space 68608K, 42% used [0x00000000c0000000,0x00000000c1c43540,0x00000000c4300000)
 Metaspace       used 50459K, committed 51200K, reserved 1097728K
  class space    used 5440K, committed 5760K, reserved 1048576K
}
Event: 4.328 GC heap after
{Heap after GC invocations=16 (full 2):
 PSYoungGen      total 23040K, used 959K [0x00000000eab00000, 0x00000000ec900000, 0x0000000100000000)
  eden space 22016K, 0% used [0x00000000eab00000,0x00000000eab00000,0x00000000ec080000)
  from space 1024K, 93% used [0x00000000ec800000,0x00000000ec8efe60,0x00000000ec900000)
  to   space 2560K, 0% used [0x00000000ec400000,0x00000000ec400000,0x00000000ec680000)
 ParOldGen       total 68608K, used 31356K [0x00000000c0000000, 0x00000000c4300000, 0x00000000eab00000)
  object space 68608K, 45% used [0x00000000c0000000,0x00000000c1e9f208,0x00000000c4300000)
 Metaspace       used 50459K, committed 51200K, reserved 1097728K
  class space    used 5440K, committed 5760K, reserved 1048576K
}
Event: 5.454 GC heap before
{Heap before GC invocations=17 (full 2):
 PSYoungGen      total 23040K, used 22975K [0x00000000eab00000, 0x00000000ec900000, 0x0000000100000000)
  eden space 22016K, 100% used [0x00000000eab00000,0x00000000ec080000,0x00000000ec080000)
  from space 1024K, 93% used [0x00000000ec800000,0x00000000ec8efe60,0x00000000ec900000)
  to   space 2560K, 0% used [0x00000000ec400000,0x00000000ec400000,0x00000000ec680000)
 ParOldGen       total 68608K, used 31356K [0x00000000c0000000, 0x00000000c4300000, 0x00000000eab00000)
  object space 68608K, 45% used [0x00000000c0000000,0x00000000c1e9f208,0x00000000c4300000)
 Metaspace       used 54128K, committed 54848K, reserved 1105920K
  class space    used 5823K, committed 6144K, reserved 1048576K
}
Event: 5.463 GC heap after
{Heap after GC invocations=17 (full 2):
 PSYoungGen      total 24576K, used 2529K [0x00000000eab00000, 0x00000000ec980000, 0x0000000100000000)
  eden space 22016K, 0% used [0x00000000eab00000,0x00000000eab00000,0x00000000ec080000)
  from space 2560K, 98% used [0x00000000ec400000,0x00000000ec678748,0x00000000ec680000)
  to   space 3072K, 0% used [0x00000000ec680000,0x00000000ec680000,0x00000000ec980000)
 ParOldGen       total 68608K, used 32620K [0x00000000c0000000, 0x00000000c4300000, 0x00000000eab00000)
  object space 68608K, 47% used [0x00000000c0000000,0x00000000c1fdb228,0x00000000c4300000)
 Metaspace       used 54128K, committed 54848K, reserved 1105920K
  class space    used 5823K, committed 6144K, reserved 1048576K
}
Event: 5.956 GC heap before
{Heap before GC invocations=18 (full 2):
 PSYoungGen      total 24576K, used 24545K [0x00000000eab00000, 0x00000000ec980000, 0x0000000100000000)
  eden space 22016K, 100% used [0x00000000eab00000,0x00000000ec080000,0x00000000ec080000)
  from space 2560K, 98% used [0x00000000ec400000,0x00000000ec678748,0x00000000ec680000)
  to   space 3072K, 0% used [0x00000000ec680000,0x00000000ec680000,0x00000000ec980000)
 ParOldGen       total 68608K, used 32620K [0x00000000c0000000, 0x00000000c4300000, 0x00000000eab00000)
  object space 68608K, 47% used [0x00000000c0000000,0x00000000c1fdb228,0x00000000c4300000)
 Metaspace       used 55498K, committed 56320K, reserved 1105920K
  class space    used 5924K, committed 6272K, reserved 1048576K
}
Event: 5.961 GC heap after
{Heap after GC invocations=18 (full 2):
 PSYoungGen      total 24576K, used 2482K [0x00000000eab00000, 0x00000000ec900000, 0x0000000100000000)
  eden space 22016K, 0% used [0x00000000eab00000,0x00000000eab00000,0x00000000ec080000)
  from space 2560K, 96% used [0x00000000ec680000,0x00000000ec8eca68,0x00000000ec900000)
  to   space 3072K, 0% used [0x00000000ec300000,0x00000000ec300000,0x00000000ec600000)
 ParOldGen       total 68608K, used 35101K [0x00000000c0000000, 0x00000000c4300000, 0x00000000eab00000)
  object space 68608K, 51% used [0x00000000c0000000,0x00000000c22477f0,0x00000000c4300000)
 Metaspace       used 55498K, committed 56320K, reserved 1105920K
  class space    used 5924K, committed 6272K, reserved 1048576K
}

